<?xml version="1.0" encoding="UTF-8"?>
<!-- Generated by org.testng.reporters.JUnitXMLReporter -->
<testsuite hostname="ip-172-31-1-207" ignored="0" name="Test" tests="1" failures="1" timestamp="2021-02-22T07:18:55 UTC" time="5.168" errors="0">
  <testcase name="login" time="3.325" classname="test1.LogintestNG">
    <failure type="java.lang.AssertionError" message="expected [The email or password you have entered is invalid] but found [The email or password you have entered is invalid.]">
      <![CDATA[java.lang.AssertionError: expected [The email or password you have entered is invalid] but found [The email or password you have entered is invalid.]
at test1.LogintestNG.login(LogintestNG.java:67)
at java.util.ArrayList.forEach(ArrayList.java:1259)
... Removed 33 stack frames]]>
    </failure>
  </testcase> <!-- login -->
</testsuite> <!-- Test -->
