<?xml version="1.0" encoding="UTF-8"?>
<testng-results skipped="0" failed="0" ignored="0" total="1" passed="1">
  <reporter-output>
  </reporter-output>
  <suite name="Default suite" duration-ms="6390" started-at="2021-03-01T11:55:50 UTC" finished-at="2021-03-01T11:55:56 UTC">
    <groups>
    </groups>
    <test name="Default test" duration-ms="6390" started-at="2021-03-01T11:55:50 UTC" finished-at="2021-03-01T11:55:56 UTC">
      <class name="test1.ExcelRead">
        <test-method status="PASS" signature="setup()[pri:0, instance:test1.ExcelRead@76707e36]" name="setup" is-config="true" duration-ms="3272" started-at="2021-03-01T11:55:50 UTC" finished-at="2021-03-01T11:55:53 UTC">
          <reporter-output>
          </reporter-output>
        </test-method> <!-- setup -->
        <test-method status="PASS" signature="login()[pri:0, instance:test1.ExcelRead@76707e36]" name="login" duration-ms="3084" started-at="2021-03-01T11:55:53 UTC" finished-at="2021-03-01T11:55:56 UTC">
          <reporter-output>
          </reporter-output>
        </test-method> <!-- login -->
      </class> <!-- test1.ExcelRead -->
    </test> <!-- Default test -->
  </suite> <!-- Default suite -->
</testng-results>
